2024-10-05T16:00:45.837+06:00  INFO 14448 --- [InstagramLab] [main] c.e.i.InstagramlabApplication            : Starting InstagramlabApplication using Java 21.0.2 with PID 14448 (C:\Users\User\Desktop\instagramlab\target\classes started by User in C:\Users\User\Desktop\instagramlab)
2024-10-05T16:00:45.846+06:00  INFO 14448 --- [InstagramLab] [main] c.e.i.InstagramlabApplication            : No active profile set, falling back to 1 default profile: "default"
2024-10-05T16:00:46.724+06:00  INFO 14448 --- [InstagramLab] [main] .s.d.r.c.RepositoryConfigurationDelegate : Bootstrapping Spring Data JPA repositories in DEFAULT mode.
2024-10-05T16:00:46.792+06:00  INFO 14448 --- [InstagramLab] [main] .s.d.r.c.RepositoryConfigurationDelegate : Finished Spring Data repository scanning in 59 ms. Found 4 JPA repository interfaces.
2024-10-05T16:00:47.392+06:00  INFO 14448 --- [InstagramLab] [main] o.s.b.w.embedded.tomcat.TomcatWebServer  : Tomcat initialized with port 8089 (http)
2024-10-05T16:00:47.408+06:00  INFO 14448 --- [InstagramLab] [main] o.apache.catalina.core.StandardService   : Starting service [Tomcat]
2024-10-05T16:00:47.408+06:00  INFO 14448 --- [InstagramLab] [main] o.apache.catalina.core.StandardEngine    : Starting Servlet engine: [Apache Tomcat/10.1.30]
2024-10-05T16:00:47.479+06:00  INFO 14448 --- [InstagramLab] [main] o.a.c.c.C.[Tomcat].[localhost].[/]       : Initializing Spring embedded WebApplicationContext
2024-10-05T16:00:47.479+06:00  INFO 14448 --- [InstagramLab] [main] w.s.c.ServletWebServerApplicationContext : Root WebApplicationContext: initialization completed in 1583 ms
2024-10-05T16:00:47.639+06:00  INFO 14448 --- [InstagramLab] [main] com.zaxxer.hikari.HikariDataSource       : HikariPool-1 - Starting...
2024-10-05T16:00:48.118+06:00  INFO 14448 --- [InstagramLab] [main] com.zaxxer.hikari.pool.HikariPool        : HikariPool-1 - Added connection conn0: url=jdbc:h2:./db/instagram_lab user=ROOT
2024-10-05T16:00:48.120+06:00  INFO 14448 --- [InstagramLab] [main] com.zaxxer.hikari.HikariDataSource       : HikariPool-1 - Start completed.
2024-10-05T16:00:48.196+06:00  INFO 14448 --- [InstagramLab] [main] liquibase.database                       : Set default schema name to PUBLIC
2024-10-05T16:00:48.537+06:00  INFO 14448 --- [InstagramLab] [main] liquibase.changelog                      : Reading resource: db/changelog/initial/001_create_table_user.yml
2024-10-05T16:00:48.552+06:00  INFO 14448 --- [InstagramLab] [main] liquibase.changelog                      : Reading resource: db/changelog/initial/002_create_table_roles.yml
2024-10-05T16:00:48.557+06:00  INFO 14448 --- [InstagramLab] [main] liquibase.changelog                      : Reading resource: db/changelog/initial/003_insert_into_roles_and_users_tables.sql
2024-10-05T16:00:48.561+06:00  INFO 14448 --- [InstagramLab] [main] liquibase.changelog                      : Reading resource: db/changelog/initial/004_create_table_posts.yaml
2024-10-05T16:00:48.567+06:00  INFO 14448 --- [InstagramLab] [main] liquibase.changelog                      : Reading resource: db/changelog/initial/005_delete_table.yaml
2024-10-05T16:00:48.571+06:00  INFO 14448 --- [InstagramLab] [main] liquibase.changelog                      : Reading resource: db/changelog/initial/006_create_new_table_posts.yaml
2024-10-05T16:00:48.578+06:00  INFO 14448 --- [InstagramLab] [main] liquibase.changelog                      : Reading resource: db/changelog/initial/007_add_column.yaml
2024-10-05T16:00:48.580+06:00  INFO 14448 --- [InstagramLab] [main] liquibase.changelog                      : Reading resource: db/changelog/initial/009_delete.yml.yml
2024-10-05T16:00:48.582+06:00  INFO 14448 --- [InstagramLab] [main] liquibase.changelog                      : Reading resource: db/changelog/initial/012_add_column_to_post.yml
2024-10-05T16:00:48.586+06:00  INFO 14448 --- [InstagramLab] [main] liquibase.changelog                      : Reading resource: db/changelog/initial/012_delete.yml.yml
2024-10-05T16:00:48.589+06:00  INFO 14448 --- [InstagramLab] [main] liquibase.changelog                      : Reading resource: db/changelog/initial/013_create_comment.yml
2024-10-05T16:00:48.593+06:00  INFO 14448 --- [InstagramLab] [main] liquibase.changelog                      : Reading resource: db/changelog/initial/014_add_column.yml
2024-10-05T16:00:48.597+06:00  INFO 14448 --- [InstagramLab] [main] liquibase.changelog                      : Reading resource: db/changelog/initial/015_add_column.yml
2024-10-05T16:00:48.599+06:00  INFO 14448 --- [InstagramLab] [main] liquibase.changelog                      : Reading resource: db/changelog/initial/delete.sql
2024-10-05T16:00:48.603+06:00  INFO 14448 --- [InstagramLab] [main] liquibase.changelog                      : Reading resource: db/changelog/initial/insert2.sql
2024-10-05T16:00:48.606+06:00  INFO 14448 --- [InstagramLab] [main] liquibase.changelog                      : Reading resource: db/changelog/initial/instagramlab.zip
2024-10-05T16:00:48.607+06:00  WARN 14448 --- [InstagramLab] [main] liquibase.changelog                      : included file db/changelog/initial/instagramlab.zip/db/changelog/initial/instagramlab.zip is not a recognized file type
2024-10-05T16:00:48.761+06:00  INFO 14448 --- [InstagramLab] [main] liquibase.changelog                      : Reading from PUBLIC.DATABASECHANGELOG
2024-10-05T16:00:48.851+06:00  INFO 14448 --- [InstagramLab] [main] liquibase.ui                             : Database is up to date, no changesets to execute
2024-10-05T16:00:48.855+06:00  INFO 14448 --- [InstagramLab] [main] liquibase.changelog                      : Reading from PUBLIC.DATABASECHANGELOG
2024-10-05T16:00:48.870+06:00  INFO 14448 --- [InstagramLab] [main] liquibase.util                           : UPDATE SUMMARY
2024-10-05T16:00:48.870+06:00  INFO 14448 --- [InstagramLab] [main] liquibase.util                           : Run:                          0
2024-10-05T16:00:48.870+06:00  INFO 14448 --- [InstagramLab] [main] liquibase.util                           : Previously run:              15
2024-10-05T16:00:48.870+06:00  INFO 14448 --- [InstagramLab] [main] liquibase.util                           : Filtered out:                 0
2024-10-05T16:00:48.870+06:00  INFO 14448 --- [InstagramLab] [main] liquibase.util                           : -------------------------------
2024-10-05T16:00:48.870+06:00  INFO 14448 --- [InstagramLab] [main] liquibase.util                           : Total change sets:           15
2024-10-05T16:00:48.871+06:00  INFO 14448 --- [InstagramLab] [main] liquibase.util                           : Update summary generated
2024-10-05T16:00:48.899+06:00  INFO 14448 --- [InstagramLab] [main] liquibase.lockservice                    : Successfully released change log lock
2024-10-05T16:00:48.901+06:00  INFO 14448 --- [InstagramLab] [main] liquibase.command                        : Command execution complete
2024-10-05T16:00:49.011+06:00  INFO 14448 --- [InstagramLab] [main] o.hibernate.jpa.internal.util.LogHelper  : HHH000204: Processing PersistenceUnitInfo [name: default]
2024-10-05T16:00:49.125+06:00  INFO 14448 --- [InstagramLab] [main] org.hibernate.Version                    : HHH000412: Hibernate ORM core version 6.5.3.Final
2024-10-05T16:00:49.174+06:00  INFO 14448 --- [InstagramLab] [main] o.h.c.internal.RegionFactoryInitiator    : HHH000026: Second-level cache disabled
2024-10-05T16:00:49.606+06:00  INFO 14448 --- [InstagramLab] [main] o.s.o.j.p.SpringPersistenceUnitInfo      : No LoadTimeWeaver setup: ignoring JPA class transformer
2024-10-05T16:00:51.012+06:00  INFO 14448 --- [InstagramLab] [main] o.h.e.t.j.p.i.JtaPlatformInitiator       : HHH000489: No JTA platform available (set 'hibernate.transaction.jta.platform' to enable JTA platform integration)
2024-10-05T16:00:51.047+06:00  INFO 14448 --- [InstagramLab] [main] j.LocalContainerEntityManagerFactoryBean : Initialized JPA EntityManagerFactory for persistence unit 'default'
2024-10-05T16:00:51.556+06:00  WARN 14448 --- [InstagramLab] [main] JpaBaseConfiguration$JpaWebConfiguration : spring.jpa.open-in-view is enabled by default. Therefore, database queries may be performed during view rendering. Explicitly configure spring.jpa.open-in-view to disable this warning
2024-10-05T16:00:51.581+06:00  INFO 14448 --- [InstagramLab] [main] r$InitializeUserDetailsManagerConfigurer : Global AuthenticationManager configured with UserDetailsService bean with name authUserDetailsService
2024-10-05T16:00:52.269+06:00  INFO 14448 --- [InstagramLab] [main] o.s.b.w.embedded.tomcat.TomcatWebServer  : Tomcat started on port 8089 (http) with context path '/'
2024-10-05T16:00:52.278+06:00  INFO 14448 --- [InstagramLab] [main] c.e.i.InstagramlabApplication            : Started InstagramlabApplication in 6.975 seconds (process running for 7.765)
2024-10-05T16:00:54.553+06:00  INFO 14448 --- [InstagramLab] [http-nio-8089-exec-1] o.a.c.c.C.[Tomcat].[localhost].[/]       : Initializing Spring DispatcherServlet 'dispatcherServlet'
2024-10-05T16:00:54.553+06:00  INFO 14448 --- [InstagramLab] [http-nio-8089-exec-1] o.s.web.servlet.DispatcherServlet        : Initializing Servlet 'dispatcherServlet'
2024-10-05T16:00:54.555+06:00  INFO 14448 --- [InstagramLab] [http-nio-8089-exec-1] o.s.web.servlet.DispatcherServlet        : Completed initialization in 2 ms
2024-10-05T16:00:54.583+06:00  WARN 14448 --- [InstagramLab] [http-nio-8089-exec-1] o.s.web.servlet.PageNotFound             : No mapping for GET /books
2024-10-05T16:00:54.590+06:00  WARN 14448 --- [InstagramLab] [http-nio-8089-exec-1] o.s.web.servlet.PageNotFound             : No endpoint GET /books.
2024-10-05T16:01:03.225+06:00  WARN 14448 --- [InstagramLab] [http-nio-8089-exec-10] o.s.web.servlet.PageNotFound             : No mapping for GET /static/js/likeCounts.js
2024-10-05T16:01:03.226+06:00  WARN 14448 --- [InstagramLab] [http-nio-8089-exec-10] o.s.web.servlet.PageNotFound             : No endpoint GET /static/js/likeCounts.js.
2024-10-05T16:01:40.090+06:00  INFO 14448 --- [InstagramLab] [SpringApplicationShutdownHook] j.LocalContainerEntityManagerFactoryBean : Closing JPA EntityManagerFactory for persistence unit 'default'
2024-10-05T16:01:40.100+06:00  INFO 14448 --- [InstagramLab] [SpringApplicationShutdownHook] com.zaxxer.hikari.HikariDataSource       : HikariPool-1 - Shutdown initiated...
2024-10-05T16:01:40.118+06:00  INFO 14448 --- [InstagramLab] [SpringApplicationShutdownHook] com.zaxxer.hikari.HikariDataSource       : HikariPool-1 - Shutdown completed.
